Determining if the pthread_create exist failed with the following output:
Change Dir: /home/lui/rclcpp_ws/src/ros2_practice/build-path_planning_server-Desktop-Default/CMakeFiles/CMakeTmp

Run Build Command:"/usr/bin/make" "cmTC_ef092/fast"
/usr/bin/make -f CMakeFiles/cmTC_ef092.dir/build.make CMakeFiles/cmTC_ef092.dir/build
make[1]: Entering directory '/home/lui/rclcpp_ws/src/ros2_practice/build-path_planning_server-Desktop-Default/CMakeFiles/CMakeTmp'
Building C object CMakeFiles/cmTC_ef092.dir/CheckSymbolExists.c.o
/usr/bin/gcc    -o CMakeFiles/cmTC_ef092.dir/CheckSymbolExists.c.o   -c /home/lui/rclcpp_ws/src/ros2_practice/build-path_planning_server-Desktop-Default/CMakeFiles/CMakeTmp/CheckSymbolExists.c
Linking C executable cmTC_ef092
/usr/bin/cmake -E cmake_link_script CMakeFiles/cmTC_ef092.dir/link.txt --verbose=1
/usr/bin/gcc      CMakeFiles/cmTC_ef092.dir/CheckSymbolExists.c.o  -o cmTC_ef092 
CMakeFiles/cmTC_ef092.dir/CheckSymbolExists.c.o: In function `main':
CheckSymbolExists.c:(.text+0x1b): undefined reference to `pthread_create'
collect2: error: ld returned 1 exit status
CMakeFiles/cmTC_ef092.dir/build.make:97: recipe for target 'cmTC_ef092' failed
make[1]: *** [cmTC_ef092] Error 1
make[1]: Leaving directory '/home/lui/rclcpp_ws/src/ros2_practice/build-path_planning_server-Desktop-Default/CMakeFiles/CMakeTmp'
Makefile:126: recipe for target 'cmTC_ef092/fast' failed
make: *** [cmTC_ef092/fast] Error 2

File /home/lui/rclcpp_ws/src/ros2_practice/build-path_planning_server-Desktop-Default/CMakeFiles/CMakeTmp/CheckSymbolExists.c:
/* */
#include <pthread.h>

int main(int argc, char** argv)
{
  (void)argv;
#ifndef pthread_create
  return ((int*)(&pthread_create))[argc];
#else
  (void)argc;
  return 0;
#endif
}

Determining if the function pthread_create exists in the pthreads failed with the following output:
Change Dir: /home/lui/rclcpp_ws/src/ros2_practice/build-path_planning_server-Desktop-Default/CMakeFiles/CMakeTmp

Run Build Command:"/usr/bin/make" "cmTC_fe49b/fast"
/usr/bin/make -f CMakeFiles/cmTC_fe49b.dir/build.make CMakeFiles/cmTC_fe49b.dir/build
make[1]: Entering directory '/home/lui/rclcpp_ws/src/ros2_practice/build-path_planning_server-Desktop-Default/CMakeFiles/CMakeTmp'
Building C object CMakeFiles/cmTC_fe49b.dir/CheckFunctionExists.c.o
/usr/bin/gcc   -DCHECK_FUNCTION_EXISTS=pthread_create   -o CMakeFiles/cmTC_fe49b.dir/CheckFunctionExists.c.o   -c /usr/share/cmake-3.10/Modules/CheckFunctionExists.c
Linking C executable cmTC_fe49b
/usr/bin/cmake -E cmake_link_script CMakeFiles/cmTC_fe49b.dir/link.txt --verbose=1
/usr/bin/gcc  -DCHECK_FUNCTION_EXISTS=pthread_create    CMakeFiles/cmTC_fe49b.dir/CheckFunctionExists.c.o  -o cmTC_fe49b -lpthreads 
/usr/bin/ld: cannot find -lpthreads
collect2: error: ld returned 1 exit status
CMakeFiles/cmTC_fe49b.dir/build.make:97: recipe for target 'cmTC_fe49b' failed
make[1]: *** [cmTC_fe49b] Error 1
make[1]: Leaving directory '/home/lui/rclcpp_ws/src/ros2_practice/build-path_planning_server-Desktop-Default/CMakeFiles/CMakeTmp'
Makefile:126: recipe for target 'cmTC_fe49b/fast' failed
make: *** [cmTC_fe49b/fast] Error 2


